<?xml version="1.0" encoding="UTF-8"?>
<testng-results ignored="0" total="1" passed="1" failed="0" skipped="0">
  <reporter-output>
  </reporter-output>
  <suite started-at="2024-04-30T05:54:22 IST" name="Default suite" finished-at="2024-04-30T05:54:39 IST" duration-ms="16598">
    <groups>
    </groups>
    <test started-at="2024-04-30T05:54:22 IST" name="Default test" finished-at="2024-04-30T05:54:39 IST" duration-ms="16598">
      <class name="com.training.tests.LoginTest">
        <test-method is-config="true" signature="openBrowser()[pri:0, instance:com.training.tests.LoginTest@75d3a5e0]" started-at="2024-04-30T05:54:22 IST" name="openBrowser" finished-at="2024-04-30T05:54:26 IST" duration-ms="3140" status="PASS">
          <reporter-output>
          </reporter-output>
        </test-method> <!-- openBrowser -->
        <test-method signature="verifyLogin()[pri:0, instance:com.training.tests.LoginTest@75d3a5e0]" started-at="2024-04-30T05:54:26 IST" name="verifyLogin" finished-at="2024-04-30T05:54:39 IST" duration-ms="13066" status="PASS">
          <reporter-output>
          </reporter-output>
        </test-method> <!-- verifyLogin -->
        <test-method is-config="true" signature="closeBrowser()[pri:0, instance:com.training.tests.LoginTest@75d3a5e0]" started-at="2024-04-30T05:54:39 IST" name="closeBrowser" finished-at="2024-04-30T05:54:39 IST" duration-ms="289" status="PASS">
          <reporter-output>
          </reporter-output>
        </test-method> <!-- closeBrowser -->
      </class> <!-- com.training.tests.LoginTest -->
    </test> <!-- Default test -->
  </suite> <!-- Default suite -->
</testng-results>
