<?xml version="1.0" encoding="UTF-8"?>
<testng-results ignored="0" total="1" passed="0" failed="1" skipped="0">
  <reporter-output>
  </reporter-output>
  <suite started-at="2024-04-19T17:54:10 IST" name="Default suite" finished-at="2024-04-19T17:54:32 IST" duration-ms="21931">
    <groups>
      <group name="cucumber">
        <method signature="AbstractTestNGCucumberTests.runScenario(io.cucumber.testng.PickleWrapper,io.cucumber.testng.FeatureWrapper)[pri:0, instance:com.cucumber.runner.RunnerSalesforce@5f049ea1]" name="runScenario" class="io.cucumber.testng.AbstractTestNGCucumberTests"/>
      </group> <!-- cucumber -->
    </groups>
    <test started-at="2024-04-19T17:54:10 IST" name="Default test" finished-at="2024-04-19T17:54:32 IST" duration-ms="21931">
      <class name="com.cucumber.runner.RunnerSalesforce">
        <test-method is-config="true" signature="setUpClass(org.testng.ITestContext)[pri:0, instance:com.cucumber.runner.RunnerSalesforce@5f049ea1]" started-at="2024-04-19T17:54:10 IST" name="setUpClass" finished-at="2024-04-19T17:54:11 IST" duration-ms="1020" status="PASS">
          <params>
            <param index="0">
              <value>
                <![CDATA[org.testng.TestRunner@1bb15351]]>
              </value>
            </param>
          </params>
          <reporter-output>
          </reporter-output>
        </test-method> <!-- setUpClass -->
        <test-method signature="runScenario(io.cucumber.testng.PickleWrapper,io.cucumber.testng.FeatureWrapper)[pri:0, instance:com.cucumber.runner.RunnerSalesforce@5f049ea1]" started-at="2024-04-19T17:54:11 IST" name="runScenario" description="Runs Cucumber Scenarios" data-provider="scenarios" finished-at="2024-04-19T17:54:32 IST" duration-ms="20733" status="FAIL">
          <params>
            <param index="0">
              <value>
                <![CDATA["Login to salesforce application with valid username and valid password"]]>
              </value>
            </param>
            <param index="1">
              <value>
                <![CDATA["Login to salesforce application"]]>
              </value>
            </param>
          </params>
          <exception class="java.lang.NullPointerException">
            <message>
              <![CDATA[Cannot invoke "com.cucumber.home.HomePage.verifyUserMenu()" because "this.home" is null]]>
            </message>
            <full-stacktrace>
              <![CDATA[java.lang.NullPointerException: Cannot invoke "com.cucumber.home.HomePage.verifyUserMenu()" because "this.home" is null
at com.cucumber.stepdefinition.SalesforceStepDefinition.user_validates_the_homepage(SalesforceStepDefinition.java:99)
at ✽.user validates the homepage(file:///E:/Workspace/GnaneshTraining/DivyaSalesforceCucucmberFramework/src/test/resources/feature/salesforce.feature:10)
]]>
            </full-stacktrace>
          </exception> <!-- java.lang.NullPointerException -->
          <reporter-output>
          </reporter-output>
        </test-method> <!-- runScenario -->
        <test-method is-config="true" signature="tearDownClass()[pri:0, instance:com.cucumber.runner.RunnerSalesforce@5f049ea1]" started-at="2024-04-19T17:54:32 IST" name="tearDownClass" finished-at="2024-04-19T17:54:32 IST" duration-ms="84" status="PASS">
          <reporter-output>
          </reporter-output>
        </test-method> <!-- tearDownClass -->
      </class> <!-- com.cucumber.runner.RunnerSalesforce -->
    </test> <!-- Default test -->
  </suite> <!-- Default suite -->
</testng-results>
