<?xml version="1.0" encoding="UTF-8"?>
<testng-results ignored="0" total="1" passed="1" failed="0" skipped="0">
  <reporter-output>
  </reporter-output>
  <suite started-at="2024-01-05T08:01:17Z" name="Default suite" finished-at="2024-01-05T08:01:22Z" duration-ms="5068">
    <groups>
    </groups>
    <test started-at="2024-01-05T08:01:17Z" name="Default test" finished-at="2024-01-05T08:01:22Z" duration-ms="5068">
      <class name="test.TekarchApi">
        <test-method signature="validateLogin()[pri:0, instance:test.TekarchApi@5a3bc7ed]" started-at="2024-01-05T08:01:17Z" name="validateLogin" finished-at="2024-01-05T08:01:22Z" duration-ms="5002" status="PASS">
          <reporter-output>
          </reporter-output>
        </test-method> <!-- validateLogin -->
      </class> <!-- test.TekarchApi -->
    </test> <!-- Default test -->
  </suite> <!-- Default suite -->
</testng-results>
