<?xml version="1.0" encoding="UTF-8"?>
<testng-results ignored="0" total="1" passed="1" failed="0" skipped="0">
  <reporter-output>
    <line>
      <![CDATA[sahana]]>
    </line>
  </reporter-output>
  <suite started-at="2023-08-07T21:02:00 IST" name="Default suite" finished-at="2023-08-07T21:02:00 IST" duration-ms="124">
    <groups>
    </groups>
    <test started-at="2023-08-07T21:02:00 IST" name="Default test" finished-at="2023-08-07T21:02:00 IST" duration-ms="124">
      <class name="com.testng.TestA">
        <test-method signature="test()[pri:0, instance:com.testng.TestA@21282ed8]" started-at="2023-08-07T21:02:00 IST" name="test" finished-at="2023-08-07T21:02:00 IST" duration-ms="21" status="PASS">
          <reporter-output>
            <line>
              <![CDATA[sahana]]>
            </line>
          </reporter-output>
        </test-method> <!-- test -->
      </class> <!-- com.testng.TestA -->
    </test> <!-- Default test -->
  </suite> <!-- Default suite -->
</testng-results>
