<?xml version="1.0" encoding="UTF-8"?>
<!-- Generated by org.testng.reporters.JUnitReportReporter -->
<testsuite hostname="DESKTOP-7NBB53I" failures="0" tests="1" name="com.tekarch.cucmber.runnerfiles.SalaesforceRunner2$RunnerFairbase" time="26.128" errors="1" timestamp="2024-04-14T10:08:25 IST" skipped="0">
  <testcase classname="com.tekarch.cucmber.runnerfiles.SalaesforceRunner2$RunnerFairbase" name="runScenario" time="26.128">
    <error message="Cannot invoke &quot;com.tekarch.page.login.SalesforceLoginPage.setUn(String)&quot; because &quot;this.login&quot; is null" type="java.lang.NullPointerException">
      <![CDATA[java.lang.NullPointerException: Cannot invoke "com.tekarch.page.login.SalesforceLoginPage.setUn(String)" because "this.login" is null
at com.tekarch.cucumber.stepdefinition.SalesforceStepDefinition2.user_enters_the_username_in_un_text_box_as(SalesforceStepDefinition2.java:76)
at ✽.user enters the username in unTextBox as "Sahana@tek.com"(file:///E:/Workspace/GnaneshTraining/DivyaCucumberFramework/src/test/resources/feature/salesforce.feature:6)
]]>
    </error>
  </testcase> <!-- runScenario -->
  <system-out/>
</testsuite> <!-- com.tekarch.cucmber.runnerfiles.SalaesforceRunner2$RunnerFairbase -->
