<?xml version="1.0" encoding="UTF-8"?>
<!-- Generated by org.testng.reporters.JUnitReportReporter -->
<testsuite hostname="DESKTOP-7NBB53I" failures="0" tests="1" name="com.cucumber.runner.RunnerSalesforce" time="20.733" errors="1" timestamp="2024-04-19T17:54:32 IST" skipped="0">
  <testcase classname="com.cucumber.runner.RunnerSalesforce" name="runScenario" time="20.733">
    <error message="Cannot invoke &quot;com.cucumber.home.HomePage.verifyUserMenu()&quot; because &quot;this.home&quot; is null" type="java.lang.NullPointerException">
      <![CDATA[java.lang.NullPointerException: Cannot invoke "com.cucumber.home.HomePage.verifyUserMenu()" because "this.home" is null
at com.cucumber.stepdefinition.SalesforceStepDefinition.user_validates_the_homepage(SalesforceStepDefinition.java:99)
at ✽.user validates the homepage(file:///E:/Workspace/GnaneshTraining/DivyaSalesforceCucucmberFramework/src/test/resources/feature/salesforce.feature:10)
]]>
    </error>
  </testcase> <!-- runScenario -->
  <system-out/>
</testsuite> <!-- com.cucumber.runner.RunnerSalesforce -->
