<?xml version="1.0" encoding="UTF-8"?>
<testng-results ignored="0" total="1" passed="1" failed="0" skipped="0">
  <reporter-output>
  </reporter-output>
  <suite started-at="2024-04-26T21:55:08 IST" name="Default suite" finished-at="2024-04-26T21:55:46 IST" duration-ms="38041">
    <groups>
    </groups>
    <test started-at="2024-04-26T21:55:08 IST" name="Default test" finished-at="2024-04-26T21:55:46 IST" duration-ms="38041">
      <class name="com.testng.tests.ValidLoginTest">
        <test-method is-config="true" signature="openBrowser()[pri:0, instance:com.testng.tests.ValidLoginTest@173ed316]" started-at="2024-04-26T21:55:08 IST" name="openBrowser" finished-at="2024-04-26T21:55:37 IST" duration-ms="29189" status="PASS">
          <reporter-output>
          </reporter-output>
        </test-method> <!-- openBrowser -->
        <test-method signature="verifyLogin()[pri:0, instance:com.testng.tests.ValidLoginTest@173ed316]" started-at="2024-04-26T21:55:37 IST" name="verifyLogin" finished-at="2024-04-26T21:55:43 IST" duration-ms="5836" status="PASS">
          <reporter-output>
          </reporter-output>
        </test-method> <!-- verifyLogin -->
        <test-method is-config="true" signature="closeBrowser()[pri:0, instance:com.testng.tests.ValidLoginTest@173ed316]" started-at="2024-04-26T21:55:43 IST" name="closeBrowser" finished-at="2024-04-26T21:55:46 IST" duration-ms="2891" status="PASS">
          <reporter-output>
          </reporter-output>
        </test-method> <!-- closeBrowser -->
      </class> <!-- com.testng.tests.ValidLoginTest -->
    </test> <!-- Default test -->
  </suite> <!-- Default suite -->
</testng-results>
