<?xml version="1.0" encoding="UTF-8"?>
<!-- Generated by org.testng.reporters.JUnitXMLReporter -->
<testsuite ignored="0" hostname="DESKTOP-7NBB53I" failures="1" tests="2" name="Test" time="47.79" errors="0" timestamp="2024-04-20T22:24:37 IST">
  <testcase classname="com.testng.tests.LoginTest" name="validateLogin" time="5.854"/>
  <testcase classname="com.testng.tests.HomeTest" name="verifyValidateLogin" time="0.002">
    <failure type="java.lang.NullPointerException" message="Cannot invoke &amp;quot;com.testng.pages.LoginPage.enterIntoUsername(String)&amp;quot; because &amp;quot;this.login&amp;quot; is null">
      <![CDATA[java.lang.NullPointerException: Cannot invoke "com.testng.pages.LoginPage.enterIntoUsername(String)" because "this.login" is null
at com.testng.tests.LoginTest.validateLogin(LoginTest.java:53)
at com.testng.tests.HomeTest.verifyValidateLogin(HomeTest.java:38)
at java.base/java.util.ArrayList.forEach(ArrayList.java:1511)
... Removed 27 stack frames]]>
    </failure>
  </testcase> <!-- verifyValidateLogin -->
</testsuite> <!-- Test -->
